<?xml version="1.0" encoding="UTF-8"?>
<testng-results ignored="0" total="1" passed="1" failed="0" skipped="0">
  <reporter-output>
  </reporter-output>
  <suite started-at="2023-10-03T09:52:57 IST" name="Default suite" finished-at="2023-10-03T09:53:04 IST" duration-ms="6841">
    <groups>
    </groups>
    <test started-at="2023-10-03T09:52:57 IST" name="Default test" finished-at="2023-10-03T09:53:04 IST" duration-ms="6841">
      <class name="testngpkg.Datepickerbooking">
        <test-method is-config="true" signature="setup()[pri:0, instance:testngpkg.Datepickerbooking@4b54af3d]" started-at="2023-10-03T09:52:57 IST" name="setup" finished-at="2023-10-03T09:53:03 IST" duration-ms="5856" status="PASS">
          <reporter-output>
          </reporter-output>
        </test-method> <!-- setup -->
        <test-method signature="test1()[pri:0, instance:testngpkg.Datepickerbooking@4b54af3d]" started-at="2023-10-03T09:53:03 IST" name="test1" finished-at="2023-10-03T09:53:04 IST" duration-ms="947" status="PASS">
          <reporter-output>
          </reporter-output>
        </test-method> <!-- test1 -->
      </class> <!-- testngpkg.Datepickerbooking -->
    </test> <!-- Default test -->
  </suite> <!-- Default suite -->
</testng-results>
